                                            Dignus Assembler Option Summary                                                Page    1 
                                                                                                      DASM V1.95.14 2021/04/29 12:42 

Overriding Parameters- -LC:\DIGNUS\MACLIB\&m -oc:../asg/obj/rdcrc32.obj ../asg/asm/rdcrc32.asm
  Process Statements-       DUPALIAS

Options for this Assembly             Source
-------------------------             -------------------------
   NOADATA                            {Default}
     ALIGN                            {Default}
     BATCH                            {Default}
   NOCOMPATCASE                       {Default}
   NOCOMPATMACROCASE                  {Default}
   NOCOMPATSYSLIST                    {Default}
   NOCOMPATLITTYPE                    {Default}
   NOCOMPATSYSPATH                    {Default}
     DXREF                            {Default}
   NOMAPAT                            {Default}
     DUPALIAS                         {*PROCESS}
   NOVSELIBR                          {Default}
     ESD                              {Default}
     ERRFMT(microsoft)                {Default}
     FLAG(0,ALIGN,CONT,NOEXLITW,NOPAGE0,PUSH,RECORD,NOSUBSTR,NOIMPLEN,USING0)
                                      {Default}
   NOFOLD                             {Default}
   NOGOFF                             {Default}
     LANGUAGE(EN)                     {Default}
     LINECOUNT(55)                    {Default}
     LIST(&d&p&f.lst)                 {Default}
     MACCPYEXT(mac)                   {Default}
     MXREF                            {Default}
     OBJECT(c:..\asg\obj\rdcrc32.obj) CMDLINE
     OPTABLE(UNI,NOLIST)              {Default}
     OPTIONSUMMARY                    {Default}
   NOPCONTROL                         {Default}
   NOPESTOP                           {Default}
   NOPROFILE                          {Default}
   NORA2                              {Default}
     RLD                              {Default}
     RENT                             {Default}
   NORXREF                            {Default}
     SECTALGN(8)                      {Default}
     SIZE(MAX)                        {Default}
   NOSUPRWARN                         {Default}
     SYSPARM()                        {Default}
     TERM(WIDE)                       {Default}
     THREAD                           {Default}
   NOTRANSLATE                        {Default}
     TYPECHECK(MAGNITUDE,REGISTER)    {Default}
     USING(NOLIMIT,MAP,WARN(15))      {Default}
   NONXREF                            {Default}
   NOXREF                             {Default}
     XSD                              {Default}

Libraries in Search Order:
                                            Dignus Assembler Option Summary                                                Page    2 
                                                                                                      DASM V1.95.14 2021/04/29 12:42 
       CMDLINE      C:\DIGNUS\MACLIB\&m
                                              External Symbol Dictionary                                                   Page    3 
Symbol   Type   Id     Address  Length   Owner Id Flags Alias-of                                      DASM V1.95.14 2021/04/29 12:42 
@@ZARCH#  WX 00000001                              00
@RDCRC32  SD 00000002 00000000 000000B8            07  @CODE
crc_table XD 00000003 00000003 00000400                CRC_TABLE
@rdcrc32& XD 00000004 00000007 00000200                @@STATIC
@rdcrc32  SD 00000005 000000B8 00000046            07  @DATA
rdcrc32:  SD 00000006 00000100 00000670            07  @@INIT@
rd_crc32_reflect
          LD          00000060          00000002   00  RD_CRC32_REFLECT
crc_table LD          000000FE          00000005   00  @DCRC_TABLE
                                                                                                                           Page    4 
  Active Usings: None
  Loc    Object Code      Addr1    Addr2    Stmt  Source Statement                                    DASM V1.95.14 2021/04/29 12:42 
                                               1 *PROCESS DUPALIAS
                                               2 *
                                               3 *  Compiled by DCC Version 2.25.07 Mar  6 2021 08:51:07
                                               4 *           on Thu Apr 29 12:42:40 2021
                                               5 *

                                               7          WXTRN @@ZARCH#
                                               8 *
                                               9 *
                                              10 *
                                              11 *    Code Section
                                              12 *
                                              13 @CODE    ALIAS C'@RDCRC32'
00000000                00000000 000000B8     14 @CODE    CSECT
                                              15 @CODE    AMODE ANY
                                              16 @CODE    RMODE ANY
                                              17 @DATA    ALIAS C'@rdcrc32'
                                              18 *
                                              19 *
                                              20 *
                                              21 * ....... start of rd_crc32_reflect
                                              22 rd_crc32_reflect ALIAS X'99846D839983F3F26D998586938583A3'
00000000                                      23 @LNAME759 DS   0H
00000000 00000010                             24          DC    X'00000010'
00000004 99846D839983F3F2                     25          DC    C'rd_crc32_reflect'
00000014 00                                   26          DC    X'00'
                                              27 rd_crc32_reflect DCCPRLG CINDEX=759,BASER=12,FRAME=176,SAVEAREA=NO,ENTR*
                                                                Y=YES,ARCH=ZARCH,LNAMEADDR=@LNAME759
                                              28          macro
                                              29          dccextrn &m
                                              30          gblc    &$dccext(1000)
                                              31          gbla    &$dccexti
                                              32          lcla    &i
                                              33 &$dccext(&$dccexti+1) setc    '&m'
                                              34 &i       seta    1
                                              35 .loop    aif    (&i gt &$dccexti).around
                                              36          aif    ('&$dccext(&i)' eq '&m').getout
                                              37 &i       seta    &i+1
                                              38          ago     .loop
                                              39 .around  anop
                                              40 &$dccexti seta &$dccexti+1
                                              41          extrn  &m
                                              42 .getout  anop
                                              43          mend
00000018                                      44+$eye0002    ds    0d                                                    02-DCCCA
00000018 C4C3C3                               45+         dc cl3'DCC'                                                    02-DCCCA
0000001B 01                                   46+         dc xl1'01' format one                                          02-DCCCA
0000001C 00000000                             47+         dc a(0)                                                        02-DCCCA
00000020 0000000000000000                     48+         dc ad(0)                                                       02-DCCCA
00000028 00000000000000B0                     49+         dc ad(176)                                                     02-DCCCA
00000030 0000000000000000                     50+         dc ad(0)                                                       02-DCCCA
00000038 0000000000001000                     51+         dc ad(4096)                                                    02-DCCCA
                                                                                                                           Page    5 
  Active Usings: None
  Loc    Object Code      Addr1    Addr2    Stmt  Source Statement                                    DASM V1.95.14 2021/04/29 12:42 
00000040 20                                   52+         dc bl.4'0010',bl.2'00',bl.2'00'                                02-DCCCA
00000041 03                                   53+         dc bl.3'000',bl.1'0',bl.4'0011'                                02-DCCCA
00000042 03                                   54+         dc al1(3)                                                      02-DCCCA
00000043 08                                   55+         dc al.4(0000),bl.4'1000'                                       02-DCCCA
00000044 00                                   56+         dc bl.8'00000000'                                              02-DCCCA
00000045 000000                               57+         dc al3(0)                                                      02-DCCCA
00000048 0000000000000000                     58+         dc ad(@LNAME759)                                               02-DCCCA
00000050                                      59+         ds 0d                                                          02-DCCCA
00000050 0000000000000018                     60+         dc ad($eye0002)                                                02-DCCCA
00000058 0000000000000000                     61+         dc ad(0)                                                       02-DCCCA
00000060                                      62+         ds    0d                                                       01-DCCPR
                                              63+         entry rd_crc32_reflect                                         01-DCCPR
00000060                                      64+rd_crc32_reflect ds 0d                                                  01-DCCPR
00000060                                      65+@REGION_759_1 ds 0h                                                     01-DCCPR
00000060 EBEC D008 0024          00000008     66+         stmg  14,12,8(13)                         Save regs            01-DCCPR
00000066 B904 00CF                            67+         lgr   12,15               set base reg                         01-DCCPR
                        00000060              68+         using @REGION_759_1,12                                         01-DCCPR
0000006A B904 0031                            69          LGR   3,1         ; ptr to parm area
                                              70 * ******* End of Prologue
                                              71 * *
0000006E 58F0 3004               00000004     72          L     15,4(0,3)   ; data
                                              73 * ***       unsigned int i;
                                              74 * ***       rd_crc32_t ret;
                                              75 * ***
                                              76 * ***       ret = data & 0x01;
00000072 182F                                 77          LR    2,15
00000074 C02B 0000 0001                       78          NILF  2,X'00000001'
                                              79 * ***       for (i = 1; i < data_len; i++) {
0000007A A718 0001               00000001     80          LHI   1,1         ; 1
0000007E 47F0 C038               00000098     81          B     @L49
00000082                                      82 @L48     DS    0H
                                              83 * ***           data >>= 1;
00000082 88F0 0001               00000001     84          SRL   15,1(0)
                                              85 * ***           ret = (ret << 1) | (data & 0x01);
00000086 8920 0001               00000001     86          SLL   2,1(0)
0000008A 184F                                 87          LR    4,15
0000008C C04B 0000 0001                       88          NILF  4,X'00000001'
00000092 1624                                 89          OR    2,4
                                              90 * ***       }
00000094 A71A 0001               00000001     91          AHI   1,1
00000098                                      92 @L49     DS    0H
00000098 B916 0041                            93          LLGFR 4,1
0000009C E340 3008 0021          00000008     94          CLG   4,8(0,3)
000000A2 4740 C022               00000082     95          BL    @L48
                                              96 * ***       return ret;
000000A6 B916 00F2                            97          LLGFR 15,2
                                              98 * ***   }
                                              99 * * **** Start of Epilogue
                                             100          DCCEPIL
000000AA                                     101+         ds 0h                                                          01-DCCEP
                                             102+* Epilog
                                             103+* Epilog
                                                                                                                           Page    6 
  Active Usings: @REGION_759_1,R12  
  Loc    Object Code      Addr1    Addr2    Stmt  Source Statement                                    DASM V1.95.14 2021/04/29 12:42 
000000AA E3E0 D008 0004          00000008    104+         lg    14,8(,13) restore the reg                                01-DCCEP
000000B0 EB1C D020 0004          00000020    105+         lmg   1,12,32(13)                                              01-DCCEP
000000B6 07FE                                106+         br   14                                                        01-DCCEP
                                             107+* End of Epilog
                                             108 * * **** End of Epilogue
                                             109          DROP  12
                                             110 *
                                             111 *   DSECT for automatic variables in "rd_crc32_reflect"
                                             112 *      (FUNCTION #759)
                                             113 *
00000000                00000000 000000AC    114 @AUTO#rd_crc32_reflect DSECT
00000000                                     115          DS    XL168
000000A8                                     116 rd_crc32_reflect#ret#0 DS 1F ; ret
000000AC                000000AC 000000A8    117          ORG   @AUTO#rd_crc32_reflect+168
000000A8                                     118 rd_crc32_reflect#i#0 DS 1F ; i
                                             119 *
000000B8                00000000 000000B8    120 @CODE    CSECT
                                             121 crc_table ALIAS X'8399836DA381829385'
                                             122 crc_table DXD 256F
                                             123 @@STATIC ALIAS X'7C9984839983F3F250'
                                             124 @@STATIC DXD   64D
                                             125 *
                                             126 *  Non-Re-Entrant Data Section
                                             127 *
000000B8                000000B8 00000046    128 @DATA    CSECT
                                             129 @DATA    RMODE ANY
                                             130 @DATA    AMODE ANY
000000B8 99846D8381939396                    131 @@T349   DC    X'99846D838193939683'               rd.calloc
000000C1 00                                  132          DC    1X'00'
000000C2 99846D9481939396                    133 @@T34D   DC    X'99846D948193939683'               rd.malloc
000000CB 00                                  134          DC    1X'00'
000000CC 99846D9985819393                    135 @@T352   DC    X'99846D99858193939683'             rd.realloc
000000D6 0000                                136          DC    2X'00'
000000D8 99846DA2A39984A4                    137 @@T358   DC    X'99846DA2A39984A497'               rd.strdup
000000E1 00                                  138          DC    1X'00'
000000E2 99846DA2A3999584                    139 @@T35D   DC    X'99846DA2A3999584A497'             rd.strndup
000000EC 0000                                140          DC    2X'00'
000000EE 99846D9985868395                    141 @@T365   DC    X'99846D9985868395A36DA2A482F0'     rd.refcnt.sub0
000000FC 00                                  142          DC    1X'00'
                                             143 *
                                             144 *   Rent ref/def section
                                             145 *
                                             146 @Dcrc_table ALIAS X'8399836DA381829385'
                                             147          ENTRY @Dcrc_table
000000FE                                     148 @Dcrc_table DS 0H
                                             149 *
                                             150 *
                                             151 *   Re-entrant Data Initialization Section
                                             152 *
                                             153 @@INIT@  ALIAS C'rdcrc32:'
00000100                00000100 00000670    154 @@INIT@  CSECT
                                             155 @@INIT@  AMODE ANY
                                                                                                                           Page    7 
  Active Usings: None
  Loc    Object Code      Addr1    Addr2    Stmt  Source Statement                                    DASM V1.95.14 2021/04/29 12:42 
                                             156 @@INIT@  RMODE ANY
00000100 05                                  157          DC    XL1'5'
00000101 000000                              158          DC    AL3(0)
00000104 00000120                            159          DC    AL4(288)
00000108 00000000                            160          DC    4X'00'
0000010C 00000000                            161          DC    Q(@@STATIC)
00000110 00000000                            162          DC    X'00000000'
00000114 00000001                            163          DC    X'00000001'
00000118 00000000                            164          DC    X'00000000'
0000011C 000000FF                            165          DC    X'000000FF'
00000120 0102039C09867F97                    166          DC    X'0102039C09867F978D8E0B0C0D0E0F10' .....f.p........
00000130 1112139D85088718                    167          DC    X'1112139D8508871819928F1C1D1E1F80' ....e.g..k......
00000140 818283840A171B88                    168          DC    X'818283840A171B88898A8B8C05060790' abcd...hi.......
00000150 9116939495960498                    169          DC    X'9116939495960498999A9B14159E1A20' j.lmno.qr.......
00000160 A0E2E4E0E1E3E5E7                    170          DC    X'A0E2E4E0E1E3E5E7F1A22E3C282B7C26' .SU..TVX1s......
00000170 E9EAEBE8EDEEEFEC                    171          DC    X'E9EAEBE8EDEEEFECDF21242A293B5E2D' Z..Y............
00000180 2FC2C4C0C1C3C5C7                    172          DC    X'2FC2C4C0C1C3C5C7D1A62C255F3E3FF8' .BD.ACEGJw.....8
00000190 C9CACBC8CDCECFCC                    173          DC    X'C9CACBC8CDCECFCC603A2340273D22D8' I..H...........Q
000001A0 6162636465666768                    174          DC    X'616263646566676869ABBBF0FDFEB1B0' ...........0....
000001B0 6A6B6C6D6E6F7071                    175          DC    X'6A6B6C6D6E6F707172AABAE6B8C6A4B5' ...........W.Fu.
000001C0 7E73747576777879                    176          DC    X'7E737475767778797AA1BFD05BDEAEAC' ................
000001D0 A3A5B7A9A7B6BCBD                    177          DC    X'A3A5B7A9A7B6BCBDBEDDA8AF5DB4D77B' tv.zx.....y...P.
000001E0 4142434445464748                    178          DC    X'414243444546474849ADF4F6F2F3F57D' ..........46235.
000001F0 4A4B4C4D4E4F5051                    179          DC    X'4A4B4C4D4E4F505152B9FBFCF9FAFF5C' ............9...
00000200 F753545556575859                    180          DC    X'F7535455565758595AB2D4D6D2D3D530' 7.........MOKLN.
00000210 3132333435363738                    181          DC    X'313233343536373839B3DBDCD9DA9F40' ............R...
                                             182 *
00000220 05                                  183          DC    XL1'5'
00000221 000000                              184          DC    AL3(0)
00000224 000001E0                            185          DC    AL4(480)
00000228 00000000                            186          DC    4X'00'
0000022C 00000000                            187          DC    Q(@@STATIC)
00000230 00000000                            188          DC    X'00000000'
00000234 00000101                            189          DC    X'00000101'
00000238 00000000                            190          DC    X'00000000'
0000023C 000000A0                            191          DC    X'000000A0'
00000240 010203372D2E2F16                    192          DC    X'010203372D2E2F1605150B0C0D0E0F10' ................
00000250 1112133C3D322618                    193          DC    X'1112133C3D322618193F271C1D1E1F40' ................
00000260 5A7F7B5B6C507D4D                    194          DC    X'5A7F7B5B6C507D4D5D5C4E6B604B61F0' ...............0
00000270 F1F2F3F4F5F6F7F8                    195          DC    X'F1F2F3F4F5F6F7F8F97A5E4C7E6E6F7C' 123456789.......
00000280 C1C2C3C4C5C6C7C8                    196          DC    X'C1C2C3C4C5C6C7C8C9D1D2D3D4D5D6D7' ABCDEFGHIJKLMNOP
00000290 D8D9E2E3E4E5E6E7                    197          DC    X'D8D9E2E3E4E5E6E7E8E9ADE0BD5F6D79' QRSTUVWXYZ......
000002A0 8182838485868788                    198          DC    X'81828384858687888991929394959697' abcdefghijklmnop
000002B0 9899A2A3A4A5A6A7                    199          DC    X'9899A2A3A4A5A6A7A8A9C04FD0A10720' qrstuvwxyz......
000002C0 2122232425061728                    200          DC    X'2122232425061728292A2B2C090A1B30' ................
000002D0 311A333435360838                    201          DC    X'311A333435360838393A3B04143EFF80' ................
                                             202 *
000002E0 05                                  203          DC    XL1'5'
000002E1 000000                              204          DC    AL3(0)
000002E4 00000208                            205          DC    AL4(520)
000002E8 00000000                            206          DC    4X'00'
000002EC 00000000                            207          DC    Q(@@STATIC)
                                                                                                                           Page    8 
  Active Usings: None
  Loc    Object Code      Addr1    Addr2    Stmt  Source Statement                                    DASM V1.95.14 2021/04/29 12:42 
000002F0 00000000                            208          DC    X'00000000'
000002F4 000001C0                            209          DC    X'000001C0'
000002F8 00000000                            210          DC    X'00000000'
000002FC 00000001                            211          DC    X'00000001'
00000300 8A40404040404040                    212          DC    X'8A40404040404040'                 ........
                                             213 *
00000308 05                                  214          DC    XL1'5'
00000309 000000                              215          DC    AL3(0)
0000030C 00000230                            216          DC    AL4(560)
00000310 00000000                            217          DC    4X'00'
00000314 00000000                            218          DC    Q(@@STATIC)
00000318 00000000                            219          DC    X'00000000'
0000031C 000001E0                            220          DC    X'000001E0'
00000320 00000000                            221          DC    X'00000000'
00000324 00000001                            222          DC    X'00000001'
00000328 8B40404040404040                    223          DC    X'8B40404040404040'                 ........
                                             224 *
00000330 05                                  225          DC    XL1'5'
00000331 000000                              226          DC    AL3(0)
00000334 000005F8                            227          DC    AL4(1528)
00000338 00000000                            228          DC    4X'00'
0000033C 00000000                            229          DC    Q(crc_table)
00000340 00000000                            230          DC    X'00000000'
00000344 00000004                            231          DC    X'00000004'
00000348 00000000                            232          DC    X'00000000'
0000034C 000003A4                            233          DC    X'000003A4'
00000350 77073096EE0E612C                    234          DC    X'77073096EE0E612C990951BA076DC419' ...o....r.....D.
00000360 706AF48FE963A535                    235          DC    X'706AF48FE963A5359E6495A30EDB8832' ..4.Z.v...nt..h.
00000370 79DCB8A4E0D5E91E                    236          DC    X'79DCB8A4E0D5E91E97D2D98809B64C2B' ...u.NZ.pKRh....
00000380 7EB17CBDE7B82D07                    237          DC    X'7EB17CBDE7B82D0790BF1D911DB71064' ....X......j....
00000390 6AB020F2F3B97148                    238          DC    X'6AB020F2F3B9714884BE41DE1ADAD47D' ...23...d.....M.
000003A0 6DDDE4EBF4D4B551                    239          DC    X'6DDDE4EBF4D4B55183D385C7136C9856' ..U.4M..cLeG..q.
000003B0 646BA8C0FD62F97A                    240          DC    X'646BA8C0FD62F97A8A65C9EC14015C4F' ..y...9...I.....
000003C0 63066CD9FA0F3D63                    241          DC    X'63066CD9FA0F3D638D080DF53B6E20C8' ...R.......5...H
000003D0 4C69105ED56041E4                    242          DC    X'4C69105ED56041E4A26771723C03E4D1' ....N..Us.....UJ
000003E0 4B04D447D20D85FD                    243          DC    X'4B04D447D20D85FDA50AB56B35B5A8FA' ..M.K.e.v.....y.
000003F0 42B2986CDBBBC9D6                    244          DC    X'42B2986CDBBBC9D6ACBCF94032D86CE3' ..q...IO..9..Q.T
00000400 45DF5C75DCD60DCF                    245          DC    X'45DF5C75DCD60DCFABD13D5926D930AC' .....O...J...R..
00000410 51DE003AC8D75180                    246          DC    X'51DE003AC8D75180BFD0611621B4F4B5' ....HP........4.
00000420 56B3C423CFBA9599                    247          DC    X'56B3C423CFBA9599B8BDA50F2802B89E' ..D...nr..v.....
00000430 5F058808C60CD9B2                    248          DC    X'5F058808C60CD9B2B10BE9242F6F7C87' ..h.F.R...Z....g
00000440 58684C11C1611DAB                    249          DC    X'58684C11C1611DABB6662D3D76DC4190' ....A...........
00000450 01DB710698D220BC                    250          DC    X'01DB710698D220BCEFD5102A71B18589' ....qK...N....ei
00000460 06B6B51F9FBFE4A5                    251          DC    X'06B6B51F9FBFE4A5E8B8D4337807C9A2' ......UvY.M...Is
00000470 0F00F9349609A88E                    252          DC    X'0F00F9349609A88EE10E98187F6A0DBB' ..9.o.y...q.....
00000480 086D3D2D91646C97                    253          DC    X'086D3D2D91646C97E6635C016B6B51F4' ....j..pW......4
00000490 1C6C6162856530D8                    254          DC    X'1C6C6162856530D8F262004E6C0695ED' ....e..Q2.....n.
000004A0 1B01A57B8208F4C1                    255          DC    X'1B01A57B8208F4C1F50FC45765B0D9C6' ..v.b.4A5.D...RF
000004B0 12B7E9508BBEB8EA                    256          DC    X'12B7E9508BBEB8EAFCB9887C62DD1DDF' ..Z.......h.....
000004C0 15DA2D498CD37CF3                    257          DC    X'15DA2D498CD37CF3FBD44C654DB26158' .....L.3.M......
000004D0 3AB551CEA3BC0074                    258          DC    X'3AB551CEA3BC0074D4BB30E24ADFA541' ....t...M..S..v.
000004E0 3DD895D7A4D1C46D                    259          DC    X'3DD895D7A4D1C46DD3D6F4FB4369E96A' .QnPuJD.LO4...Z.
                                                                                                                           Page    9 
  Active Usings: None
  Loc    Object Code      Addr1    Addr2    Stmt  Source Statement                                    DASM V1.95.14 2021/04/29 12:42 
000004F0 346ED9FCAD678846                    260          DC    X'346ED9FCAD678846DA60B8D044042D73' ..R...h.........
00000500 33031DE5AA0A4C5F                    261          DC    X'33031DE5AA0A4C5FDD0D7CC95005713C' ...V.......I....
00000510 270241AABE0B1010                    262          DC    X'270241AABE0B1010C90C20865768B525' ........I..f....
00000520 206F85B3B966D409                    263          DC    X'206F85B3B966D409CE61E49F5EDEF90E' ..e...M...U...9.
00000530 29D9C998B0D09822                    264          DC    X'29D9C998B0D09822C7D7A8B459B33D17' .RIq..q.GPy.....
00000540 2EB40D81B7BD5C3B                    265          DC    X'2EB40D81B7BD5C3BC0BA6CADEDB88320' ...a..........c.
00000550 9ABFB3B603B6E20C                    266          DC    X'9ABFB3B603B6E20C74B1D29AEAD54739' ......S...K..N..
00000560 9DD277AF04DB2615                    267          DC    X'9DD277AF04DB261573DC1683E3630B12' .K.........cT...
00000570 94643B840D6D6A3E                    268          DC    X'94643B840D6D6A3E7A6A5AA8E40ECF0B' m..d.......yU...
00000580 9309FF9D0A00AE27                    269          DC    X'9309FF9D0A00AE277D079EB1F00F9344' l...........0.l.
00000590 8708A3D21E01F268                    270          DC    X'8708A3D21E01F2686906C2FEF762575D' g.tK..2...B.7...
000005A0 806567CB196C3671                    271          DC    X'806567CB196C36716E6B06E7FED41B76' ...........X.M..
000005B0 89D32BE010DA7A5A                    272          DC    X'89D32BE010DA7A5A67DD4ACCF9B9DF6F' iL..........9...
000005C0 8EBEEFF917B7BE43                    273          DC    X'8EBEEFF917B7BE4360B08ED5D6D6A3E8' ...9.......NOOtY
000005D0 A1D1937E38D8C2C4                    274          DC    X'A1D1937E38D8C2C44FDFF252D1BB67F1' .Jl..QBD..2.J..1
000005E0 A6BC57673FB506DD                    275          DC    X'A6BC57673FB506DD48B2364BD80D2BDA' w...........Q...
000005F0 AF0A1B4C36034AF6                    276          DC    X'AF0A1B4C36034AF641047A60DF60EFC3' .......6.......C
00000600 A867DF55316E8EEF                    277          DC    X'A867DF55316E8EEF4669BE79CB61B38C' y...............
00000610 BC66831A256FD2A0                    278          DC    X'BC66831A256FD2A05268E236CC0C7795' ..c...K...S....n
00000620 BB0B4703220216B9                    279          DC    X'BB0B4703220216B95505262FC5BA3BBE' ............E...
00000630 B2BD0B282BB45A92                    280          DC    X'B2BD0B282BB45A925CB36A04C2D7FFA7' .......k....BP.x
00000640 B5D0CF312CD99E8B                    281          DC    X'B5D0CF312CD99E8B5BDEAE1D9B64C2B0' .....R........B.
00000650 EC63F226756AA39C                    282          DC    X'EC63F226756AA39C026D930A9C0906A9' ..2...t...l....z
00000660 EB0E363F72076785                    283          DC    X'EB0E363F720767850500571395BF4A82' .......e....n..b
00000670 E2B87A147BB12BAE                    284          DC    X'E2B87A147BB12BAE0CB61B3892D28E9B' S...........kK..
00000680 E5D5BE0D7CDCEFB7                    285          DC    X'E5D5BE0D7CDCEFB70BDBDF2186D3D2D4' VN..........fLKM
00000690 F1D4E24268DDB3F8                    286          DC    X'F1D4E24268DDB3F81FDA836E81BE16CD' 1MS....8..c.a...
000006A0 F6B9265B6FB077E1                    287          DC    X'F6B9265B6FB077E118B7477788085AE6' 6...........h..W
000006B0 FF0F6A7066063BCA                    288          DC    X'FF0F6A7066063BCA11010B5C8F659EFF' ................
000006C0 F862AE69616BFFD3                    289          DC    X'F862AE69616BFFD3166CCF45A00AE278' 8......L......S.
000006D0 D70DD2EE4E048354                    290          DC    X'D70DD2EE4E0483543903B3C2A7672661' P.K...c....Bx...
000006E0 D06016F74969474D                    291          DC    X'D06016F74969474D3E6E77DBAED16A4A' ...7.........J..
000006F0 D9D65ADC40404040                    292          DC    X'D9D65ADC40404040'                 RO......
                                             293 *
000006F8 05                                  294          DC    XL1'5'
000006F9 000000                              295          DC    AL3(0)
000006FC 00000000                            296          DC    AL4(0)
00000700 00000000                            297          DC    4X'00'
00000704 00000000                            298          DC    Q(crc_table)
00000708 00000000                            299          DC    X'00000000'
0000070C 000003A8                            300          DC    X'000003A8'
00000710 00000000                            301          DC    X'00000000'
00000714 00000058                            302          DC    X'00000058'
00000718 40DF0B6637D83BF0                    303          DC    X'40DF0B6637D83BF0A9BCAE53DEBB9EC5' .....Q.0z......E
00000728 47B2CF7F30B5FFE9                    304          DC    X'47B2CF7F30B5FFE9BDBDF21CCABAC28A' .......Z..2...B.
00000738 53B3933024B4A3A6                    305          DC    X'53B3933024B4A3A6BAD03605CDD70693' ..l...tw.....P.l
00000748 54DE572923D967BF                    306          DC    X'54DE572923D967BFB3667A2EC4614AB8' .....R......D...
00000758 5D681B022A6F2B94                    307          DC    X'5D681B022A6F2B94B40BBE37C30C8EA1' .......m....C...
00000768 5A05DF1B2D02EF8D                    308          DC    X'5A05DF1B2D02EF8D'                 ........
                                             309 *
                                             310          END
                                                 Relocation Dictionary                                                     Page   10 
  Pos.Id   Rel.Id   Address  Type   Action                                                            DASM V1.95.14 2021/04/29 12:42 
 00000002 00000002 00000048   A 4      +
 00000002 00000002 00000050   A 4      +
 00000006 00000004 0000010C   Q 4      +
 00000006 00000004 0000022C   Q 4      +
 00000006 00000004 000002EC   Q 4      +
 00000006 00000004 00000314   Q 4      +
 00000006 00000003 0000033C   Q 4      +
 00000006 00000003 00000704   Q 4      +
                                                 DSECT Cross Reference                                                     Page   11 
DSECT     LENGTH    ID   DEFN                                                                         DASM V1.95.14 2021/04/29 12:42 
@AUTO#rd_crc32_reflect
         000000AC  FFFFFFFF  00114
                                          Macro and Copy Code Source Summary                                               Page   12 
Source                                                    Members                                     DASM V1.95.14 2021/04/29 12:42 

C:\DIGNUS\MACLIB                                          DCCCATR  DCCEPIL  DCCPRLG  dccextrn
                                                      Using Map                                                            Page   13 
                                                                                                      DASM V1.95.14 2021/04/29 12:42 
  Stmt  -----Location----- Action ----------------Using----------------- Reg Max     Last Label and Using Text
          Count      Id           Type          Value    Range     Id        Disp    Stmt
    68  0000006A  00000002 USING  ORDINARY    00000060 00001000 00000002  12 00038     95 @REGION_759_1,12
   109  000000B8  00000002 DROP                                           12              12
                                   Diagnostic Cross Reference and Assembler Summary                                        Page   14 
                                                                                                      DASM V1.95.14 2021/04/29 12:42 
      No Statements Flagged in this Assembly
DASM Dignus Systems/ASM, VERSION 1.95.14
SYSTEM: Windows 6.2                JOBNAME: (NOJOB)     STEPNAME: (NOSTEP)   PROCSTEP: (NOPROC)
Datasets Used for this Assembly
 Con  DDname   Dataset Name
  P1  RDCRC32  ..\asg\asm\rdcrc32.asm
  L2  DCCPRLG  C:\DIGNUS\MACLIB\dccprlg
  L3  DCCCATR  C:\DIGNUS\MACLIB\dcccatr
  L4  DCCEPIL  C:\DIGNUS\MACLIB\dccepil

Assembly Start Time: 12.42.40 Stop Time: 12.42.40 Processor Time: 00.00.00.0090
Return Code 000
